[debug] [2021-01-19T12:16:54.854Z] ----------------------------------------------------------------------
[debug] [2021-01-19T12:16:54.868Z] Command:       C:\Program Files\nodejs\node.exe C:\Users\Hemant\AppData\Roaming\npm\node_modules\firebase-tools\lib\bin\firebase.js login
[debug] [2021-01-19T12:16:54.869Z] CLI Version:   9.2.1
[debug] [2021-01-19T12:16:54.869Z] Platform:      win32
[debug] [2021-01-19T12:16:54.870Z] Node Version:  v14.12.0
[debug] [2021-01-19T12:16:54.873Z] Time:          Tue Jan 19 2021 17:46:54 GMT+0530 (India Standard Time)
[debug] [2021-01-19T12:16:54.874Z] ----------------------------------------------------------------------
[debug] [2021-01-19T12:16:54.874Z] 
[info] i  Firebase optionally collects CLI usage and error reporting information to help improve our products. Data is collected in accordance with Google's privacy policy (https://policies.google.com/privacy) and is not used to identify you.
 
[info] i  To change your data collection preference at any time, run `firebase logout` and log in again. 
[info] 
[info] Visit this URL on this device to log in:
[info] https://accounts.google.com/o/oauth2/auth?client_id=563584335869-fgrhgmd47bqnekij5i8b5pr03ho849e6.apps.googleusercontent.com&scope=email%20openid%20https%3A%2F%2Fwww.googleapis.com%2Fauth%2Fcloudplatformprojects.readonly%20https%3A%2F%2Fwww.googleapis.com%2Fauth%2Ffirebase%20https%3A%2F%2Fwww.googleapis.com%2Fauth%2Fcloud-platform&response_type=code&state=169005195&redirect_uri=http%3A%2F%2Flocalhost%3A9005
[info] 
[info] Waiting for authentication...
[debug] [2021-01-19T12:17:03.636Z] Error: spawn cmd ENOENT
    at Process.ChildProcess._handle.onexit (internal/child_process.js:268:19)
    at onErrorNT (internal/child_process.js:464:16)
    at processTicksAndRejections (internal/process/task_queues.js:80:21)
[error] 
[error] Error: An unexpected error has occurred.
[debug] [2021-01-20T04:47:16.346Z] ----------------------------------------------------------------------
[debug] [2021-01-20T04:47:16.356Z] Command:       C:\Program Files\nodejs\node.exe C:\Users\Hemant\AppData\Roaming\npm\node_modules\firebase-tools\lib\bin\firebase.js login
[debug] [2021-01-20T04:47:16.358Z] CLI Version:   9.2.1
[debug] [2021-01-20T04:47:16.358Z] Platform:      win32
[debug] [2021-01-20T04:47:16.358Z] Node Version:  v14.12.0
[debug] [2021-01-20T04:47:16.362Z] Time:          Wed Jan 20 2021 10:17:16 GMT+0530 (India Standard Time)
[debug] [2021-01-20T04:47:16.363Z] ----------------------------------------------------------------------
[debug] [2021-01-20T04:47:16.364Z] 
[info] i  Firebase optionally collects CLI usage and error reporting information to help improve our products. Data is collected in accordance with Google's privacy policy (https://policies.google.com/privacy) and is not used to identify you.
 
[info] i  To change your data collection preference at any time, run `firebase logout` and log in again. 
[info] 
[info] Visit this URL on this device to log in:
[info] https://accounts.google.com/o/oauth2/auth?client_id=563584335869-fgrhgmd47bqnekij5i8b5pr03ho849e6.apps.googleusercontent.com&scope=email%20openid%20https%3A%2F%2Fwww.googleapis.com%2Fauth%2Fcloudplatformprojects.readonly%20https%3A%2F%2Fwww.googleapis.com%2Fauth%2Ffirebase%20https%3A%2F%2Fwww.googleapis.com%2Fauth%2Fcloud-platform&response_type=code&state=94278365&redirect_uri=http%3A%2F%2Flocalhost%3A9005
[info] 
[info] Waiting for authentication...
[debug] [2021-01-20T04:47:29.053Z] Error: spawn cmd ENOENT
    at Process.ChildProcess._handle.onexit (internal/child_process.js:268:19)
    at onErrorNT (internal/child_process.js:464:16)
    at processTicksAndRejections (internal/process/task_queues.js:80:21)
[error] 
[error] Error: An unexpected error has occurred.
